100.06.22 23:49 B c:\information\html\myotenetpage\images\1.gif --> users.otenet.gr /n/nikkas 1.gif
100.06.22 23:49 B c:\information\html\myotenetpage\images\1c.gif --> users.otenet.gr /n/nikkas 1c.gif
100.06.22 23:49 B c:\information\html\myotenetpage\images\2.gif --> users.otenet.gr /n/nikkas 2.gif
100.06.22 23:49 B c:\information\html\myotenetpage\images\2c.gif --> users.otenet.gr /n/nikkas 2c.gif
100.06.22 23:49 B c:\information\html\myotenetpage\images\apostolos.gif --> users.otenet.gr /n/nikkas apostolos.gif
100.06.22 23:50 B c:\information\html\myotenetpage\images\1.gif --> users.otenet.gr /n/nikkas/images 1.gif
100.06.22 23:50 B c:\information\html\myotenetpage\images\1c.gif --> users.otenet.gr /n/nikkas/images 1c.gif
100.06.22 23:50 B c:\information\html\myotenetpage\images\2.gif --> users.otenet.gr /n/nikkas/images 2.gif
100.06.22 23:50 B c:\information\html\myotenetpage\images\2c.gif --> users.otenet.gr /n/nikkas/images 2c.gif
100.06.22 23:51 B c:\information\html\myotenetpage\images\apostolos.gif --> users.otenet.gr /n/nikkas/images apostolos.gif
100.06.22 23:51 B c:\information\html\myotenetpage\images\editor2000jun18.gif --> users.otenet.gr /n/nikkas/images editor2000jun18.gif
100.06.22 23:51 B c:\information\html\myotenetpage\images\folioSearch.gif --> users.otenet.gr /n/nikkas/images folioSearch.gif
100.06.22 23:51 B c:\information\html\myotenetpage\images\help99feb16.gif --> users.otenet.gr /n/nikkas/images help99feb16.gif
100.06.22 23:51 B c:\information\html\myotenetpage\images\nikos.gif --> users.otenet.gr /n/nikkas/images nikos.gif
100.06.22 23:51 B c:\information\html\myotenetpage\images\search99apr25.gif --> users.otenet.gr /n/nikkas/images search99apr25.gif
100.06.22 23:51 B c:\information\html\myotenetpage\images\viewer2000jun18.gif --> users.otenet.gr /n/nikkas/images viewer2000jun18.gif
100.06.22 23:51 B c:\information\html\myotenetpage\images\viewergr2000jun18.gif --> users.otenet.gr /n/nikkas/images viewergr2000jun18.gif
100.09.20 23:13 B c:\information\html\myotenetpage\images\1.gif --> users.otenet.gr /n/nikkas/images 1.gif
100.09.20 23:14 B c:\information\html\myotenetpage\images\aa.gif --> users.otenet.gr /n/nikkas/images aa.gif
100.09.20 23:14 B c:\information\html\myotenetpage\images\ar.gif --> users.otenet.gr /n/nikkas/images ar.gif
100.10.17 22:26 B c:\information\html\myotenetpage\images\nikos.jpg --> users.otenet.gr /n/nikkas/images nikos.jpg
100.10.19 16:08 B c:\information\html\myotenetpage\images\nikos.jpg --> users.otenet.gr /n/nikkas/images nikos.jpg
100.11.16 23:10 B c:\information\html\myotenetpage\images\1.gif --> users.otenet.gr /n/nikkas/images 1.gif
100.11.16 23:10 B c:\information\html\myotenetpage\images\1old.gif --> users.otenet.gr /n/nikkas/images 1old.gif
2003.01.28 22:11 B C:\MyOtenetPage\images\ioanina2003ian02.jpg --> users.otenet.gr /images ioanina2003ian02.jpg
103.10.18 21:18 B c:\data\myotenetpage\images\nikkas1978.jpg --> users.otenet.gr /images nikkas1978.jpg
